TN:
SF:src\models\Links.js
FNF:0
FNH:0
DA:1,1
DA:2,1
DA:3,1
DA:5,1
DA:20,1
DA:21,1
DA:23,1
LF:7
LH:7
BRF:0
BRH:0
end_of_record
TN:
SF:src\models\Logo.js
FNF:0
FNH:0
DA:1,1
DA:2,1
DA:4,1
DA:9,1
DA:10,1
LF:5
LH:5
BRF:0
BRH:0
end_of_record
TN:
SF:test\provider.js
FN:3,login
FN:19,validateLink
FN:37,updateLink
FN:53,changePassword
FN:69,deleteLink
FN:78,createLogo
FNF:6
FNH:6
FNDA:5,login
FNDA:5,validateLink
FNDA:5,updateLink
FNDA:7,changePassword
FNDA:2,deleteLink
FNDA:3,createLogo
DA:1,1
DA:4,5
DA:5,1
DA:7,4
DA:8,1
DA:10,3
DA:11,1
DA:13,2
DA:14,1
DA:16,1
DA:20,5
DA:22,1
DA:24,4
DA:26,1
DA:28,3
DA:29,1
DA:31,2
DA:32,1
DA:34,1
DA:38,5
DA:39,1
DA:41,4
DA:42,1
DA:44,3
DA:45,1
DA:47,2
DA:48,1
DA:50,1
DA:54,7
DA:55,2
DA:57,5
DA:58,2
DA:60,3
DA:61,1
DA:63,2
DA:64,1
DA:66,1
DA:70,2
DA:71,1
DA:74,1
DA:79,3
DA:80,1
DA:82,2
DA:83,1
DA:85,1
DA:89,1
LF:46
LH:46
BRDA:4,0,0,1
BRDA:4,0,1,4
BRDA:7,1,0,1
BRDA:7,1,1,3
BRDA:10,2,0,1
BRDA:10,2,1,2
BRDA:13,3,0,1
BRDA:13,3,1,1
BRDA:20,4,0,1
BRDA:20,4,1,4
BRDA:20,5,0,5
BRDA:20,5,1,5
BRDA:20,5,2,4
BRDA:20,5,3,4
BRDA:20,5,4,4
BRDA:20,5,5,4
BRDA:20,5,6,4
BRDA:20,5,7,4
BRDA:20,5,8,4
BRDA:20,5,9,4
BRDA:24,6,0,1
BRDA:24,6,1,3
BRDA:24,7,0,4
BRDA:24,7,1,3
BRDA:24,7,2,3
BRDA:24,7,3,3
BRDA:24,7,4,3
BRDA:24,7,5,3
BRDA:24,7,6,3
BRDA:24,7,7,3
BRDA:24,7,8,3
BRDA:24,7,9,3
BRDA:28,8,0,1
BRDA:28,8,1,2
BRDA:31,9,0,1
BRDA:31,9,1,1
BRDA:38,10,0,1
BRDA:38,10,1,4
BRDA:41,11,0,1
BRDA:41,11,1,3
BRDA:44,12,0,1
BRDA:44,12,1,2
BRDA:47,13,0,1
BRDA:47,13,1,1
BRDA:54,14,0,2
BRDA:54,14,1,5
BRDA:54,15,0,7
BRDA:54,15,1,6
BRDA:57,16,0,2
BRDA:57,16,1,3
BRDA:57,17,0,5
BRDA:57,17,1,4
BRDA:60,18,0,1
BRDA:60,18,1,2
BRDA:63,19,0,1
BRDA:63,19,1,1
BRDA:70,20,0,1
BRDA:70,20,1,1
BRDA:79,21,0,1
BRDA:79,21,1,2
BRDA:79,22,0,3
BRDA:79,22,1,2
BRDA:82,23,0,1
BRDA:82,23,1,1
BRF:64
BRH:64
end_of_record
