TN:
SF:src\models\Links.js
FNF:0
FNH:0
DA:1,1
DA:2,1
DA:3,1
DA:5,1
DA:18,1
DA:19,1
DA:21,1
LF:7
LH:7
BRF:0
BRH:0
end_of_record
TN:
SF:src\models\Logo.js
FNF:0
FNH:0
DA:1,1
DA:2,1
DA:4,1
DA:9,1
DA:10,1
LF:5
LH:5
BRF:0
BRH:0
end_of_record
TN:
SF:src\models\Users.js
FN:10,updatePasswordOnSave
FN:18,(anonymous_1)
FN:25,(anonymous_2)
FNF:3
FNH:0
FNDA:0,updatePasswordOnSave
FNDA:0,(anonymous_1)
FNDA:0,(anonymous_2)
DA:1,1
DA:2,1
DA:3,1
DA:5,1
DA:10,1
DA:11,0
DA:12,0
DA:14,0
DA:17,1
DA:19,0
DA:20,0
DA:24,1
DA:26,0
DA:27,0
DA:31,1
DA:33,1
LF:16
LH:9
BRDA:11,0,0,0
BRDA:11,0,1,0
BRF:2
BRH:0
end_of_record
TN:
SF:src\services\Securityservice.js
FN:3,createHash
FNF:1
FNH:0
FNDA:0,createHash
DA:1,1
DA:4,0
DA:7,1
LF:3
LH:2
BRF:0
BRH:0
end_of_record
TN:
SF:test\provider.js
FN:3,login
FN:23,validateLink
FN:45,updateLink
FN:61,deleteLink
FN:70,createLogo
FNF:5
FNH:5
FNDA:3,login
FNDA:4,validateLink
FNDA:4,updateLink
FNDA:2,deleteLink
FNDA:3,createLogo
DA:1,1
DA:4,3
DA:5,3
DA:6,1
DA:8,2
DA:9,1
DA:12,1
DA:13,1
DA:16,0
DA:19,0
DA:24,4
DA:25,4
DA:27,1
DA:29,3
DA:31,0
DA:33,3
DA:34,1
DA:36,2
DA:37,1
DA:39,1
DA:41,0
DA:46,4
DA:47,1
DA:49,3
DA:50,1
DA:52,2
DA:53,1
DA:55,1
DA:56,0
DA:58,1
DA:62,2
DA:63,1
DA:66,1
DA:71,3
DA:72,1
DA:74,2
DA:75,1
DA:77,1
DA:81,1
LF:39
LH:34
BRDA:5,0,0,1
BRDA:5,0,1,2
BRDA:8,1,0,1
BRDA:8,1,1,1
BRDA:12,2,0,1
BRDA:12,2,1,0
BRDA:12,3,0,1
BRDA:12,3,1,0
BRDA:25,4,0,1
BRDA:25,4,1,3
BRDA:25,5,0,4
BRDA:25,5,1,4
BRDA:25,5,2,3
BRDA:25,5,3,3
BRDA:25,5,4,3
BRDA:25,5,5,3
BRDA:25,5,6,3
BRDA:25,5,7,3
BRDA:25,5,8,3
BRDA:25,5,9,3
BRDA:29,6,0,0
BRDA:29,6,1,3
BRDA:29,7,0,3
BRDA:29,7,1,3
BRDA:29,7,2,3
BRDA:29,7,3,3
BRDA:29,7,4,3
BRDA:29,7,5,3
BRDA:29,7,6,3
BRDA:29,7,7,3
BRDA:29,7,8,3
BRDA:29,7,9,3
BRDA:33,8,0,1
BRDA:33,8,1,2
BRDA:36,9,0,1
BRDA:36,9,1,1
BRDA:46,10,0,1
BRDA:46,10,1,3
BRDA:49,11,0,1
BRDA:49,11,1,2
BRDA:52,12,0,1
BRDA:52,12,1,1
BRDA:55,13,0,0
BRDA:55,13,1,1
BRDA:62,14,0,1
BRDA:62,14,1,1
BRDA:71,15,0,1
BRDA:71,15,1,2
BRDA:71,16,0,3
BRDA:71,16,1,2
BRDA:74,17,0,1
BRDA:74,17,1,1
BRF:52
BRH:48
end_of_record
